<?xml version="1.0" encoding="UTF-8"?>
<!-- Generated by org.testng.reporters.JUnitReportReporter -->
<testsuite hostname="SF-CPU-102" failures="0" tests="1" name="TestCases.User.AddUserDetails" time="0.197" errors="0" timestamp="2025-04-01T11:00:00 IST" skipped="0">
  <testcase classname="TestCases.User.AddUserDetails" name="addCustomer" time="0.197"/>
  <system-out/>
</testsuite> <!-- TestCases.User.AddUserDetails -->
