<?xml version="1.0" encoding="UTF-8"?>
<!-- Generated by org.testng.reporters.JUnitReportReporter -->
<testsuite hostname="SF-CPU-102" failures="0" tests="1" name="TestCases.Cart.viewCart" time="0.038" errors="0" timestamp="2025-04-01T11:00:00 IST" skipped="0">
  <testcase classname="TestCases.Cart.viewCart" name="testViewCart" time="0.038"/>
  <system-out/>
</testsuite> <!-- TestCases.Cart.viewCart -->
