<?xml version="1.0" encoding="UTF-8"?>
<!-- Generated by org.testng.reporters.JUnitReportReporter -->
<testsuite hostname="SF-CPU-102" failures="0" tests="1" name="TestCases.Customer.customerAddToCart" time="0.071" errors="0" timestamp="2025-04-02T17:03:48 IST" skipped="0">
  <testcase classname="TestCases.Customer.customerAddToCart" name="addProductToCart" time="0.071"/>
  <system-out/>
</testsuite> <!-- TestCases.Customer.customerAddToCart -->
