<?xml version="1.0" encoding="UTF-8"?>
<!-- Generated by org.testng.reporters.JUnitReportReporter -->
<testsuite hostname="SF-CPU-102" failures="0" tests="1" name="TestCases.Customer.customerRegistration" time="1.024" errors="0" timestamp="2025-04-03T11:30:19 IST" skipped="0">
  <testcase classname="TestCases.Customer.customerRegistration" name="registerCustomer" time="1.024"/>
  <system-out/>
</testsuite> <!-- TestCases.Customer.customerRegistration -->
