<?xml version="1.0" encoding="UTF-8"?>
<!-- Generated by org.testng.reporters.JUnitReportReporter -->
<testsuite hostname="SF-CPU-102" failures="0" tests="1" name="TestCases.Cart.AddToCart" time="0.031" errors="0" timestamp="2025-04-01T10:36:30 IST" skipped="0">
  <testcase classname="TestCases.Cart.AddToCart" name="addProductToCart" time="0.031"/>
  <system-out/>
</testsuite> <!-- TestCases.Cart.AddToCart -->
