<?xml version="1.0" encoding="UTF-8"?>
<!-- Generated by org.testng.reporters.JUnitReportReporter -->
<testsuite hostname="SF-CPU-102" failures="0" tests="1" name="TestCases.User.AddUserDetails" time="0.146" errors="0" timestamp="2025-03-31T14:08:10 IST" skipped="0">
  <testcase classname="TestCases.User.AddUserDetails" name="addCustomer" time="0.146"/>
  <system-out/>
</testsuite> <!-- TestCases.User.AddUserDetails -->
