<?xml version="1.0" encoding="UTF-8"?>
<!-- Generated by org.testng.reporters.JUnitReportReporter -->
<testsuite hostname="SF-CPU-102" failures="0" tests="1" name="TestCases.User.loginTestCases" time="1.258" errors="0" timestamp="2025-04-03T11:34:46 IST" skipped="0">
  <testcase classname="TestCases.User.loginTestCases" name="testLogin" time="1.258"/>
  <system-out/>
</testsuite> <!-- TestCases.User.loginTestCases -->
