<?xml version="1.0" encoding="UTF-8"?>
<!-- Generated by org.testng.reporters.JUnitReportReporter -->
<testsuite hostname="SF-CPU-102" failures="0" tests="1" name="TestCases.Customer.customerAddToCart" time="0.054" errors="0" timestamp="2025-03-27T13:39:31 IST" skipped="0">
  <testcase classname="TestCases.Customer.customerAddToCart" name="addProductToCart" time="0.054"/>
  <system-out/>
</testsuite> <!-- TestCases.Customer.customerAddToCart -->
