<?xml version="1.0" encoding="UTF-8"?>
<!-- Generated by org.testng.reporters.JUnitReportReporter -->
<testsuite hostname="LAPTOP-T0CPVTRM" failures="0" tests="6" name="com.opencart.api.testcases.customer.AddToCart" time="0.359" errors="0" timestamp="2025-04-09T22:50:41 IST" skipped="0">
  <testcase classname="com.opencart.api.testcases.customer.AddToCart" name="verifyAddProductToCart" time="0.057"/>
  <testcase classname="com.opencart.api.testcases.customer.AddToCart" name="verifyAddProductToCart" time="0.066"/>
  <testcase classname="com.opencart.api.testcases.customer.AddToCart" name="verifyAddProductToCart" time="0.054"/>
  <testcase classname="com.opencart.api.testcases.customer.AddToCart" name="verifyAddProductToCart" time="0.044"/>
  <testcase classname="com.opencart.api.testcases.customer.AddToCart" name="verifyAddProductToCart" time="0.066"/>
  <testcase classname="com.opencart.api.testcases.customer.AddToCart" name="verifyAddProductToCart" time="0.072"/>
</testsuite> <!-- com.opencart.api.testcases.customer.AddToCart -->
