<?xml version="1.0" encoding="UTF-8"?>
<!-- Generated by org.testng.reporters.JUnitReportReporter -->
<testsuite hostname="LAPTOP-T0CPVTRM" failures="0" tests="3" name="com.opencart.api.testcases.customer.RegisterCustomer" time="0.929" errors="0" timestamp="2025-04-09T22:50:41 IST" skipped="0">
  <testcase classname="com.opencart.api.testcases.customer.RegisterCustomer" name="verifyCustomerRegistration" time="0.603"/>
  <testcase classname="com.opencart.api.testcases.customer.RegisterCustomer" name="verifyCustomerRegistration" time="0.154"/>
  <testcase classname="com.opencart.api.testcases.customer.RegisterCustomer" name="verifyCustomerRegistration" time="0.172"/>
</testsuite> <!-- com.opencart.api.testcases.customer.RegisterCustomer -->
