<?xml version="1.0" encoding="UTF-8"?>
<!-- Generated by org.testng.reporters.JUnitReportReporter -->
<testsuite hostname="LAPTOP-T0CPVTRM" failures="0" tests="1" name="com.opencart.api.testcases.admin.LoginAdmin" time="1.667" errors="0" timestamp="2025-04-09T22:50:41 IST" skipped="0">
  <testcase classname="com.opencart.api.testcases.admin.LoginAdmin" name="verifyAdminCanLoginSuccessfully" time="1.667"/>
</testsuite> <!-- com.opencart.api.testcases.admin.LoginAdmin -->
